[2023-05-09 11:12:14] - Starting DemoOneApplication using Java 17.0.7 with PID 9312 (D:\hSenid\Trainings\Training\spring-boot-app-logback-integration\demoone\target\classes started by msi gf63 in D:\hSenid\Trainings\Training\spring-boot-app-logback-integration\demoone)
[2023-05-09 11:12:14] - Running with Spring Boot v3.0.6, Spring v6.0.8
[2023-05-09 11:12:14] - No active profile set, falling back to 1 default profile: "default"
[2023-05-09 11:12:14] - Loading source class com.springone.demoone.DemoOneApplication
[2023-05-09 11:12:14] - Refreshing org.springframework.boot.web.servlet.context.AnnotationConfigServletWebServerApplicationContext@172b013
[2023-05-09 11:12:14] - Creating shared instance of singleton bean 'org.springframework.context.annotation.internalConfigurationAnnotationProcessor'
[2023-05-09 11:12:14] - Creating shared instance of singleton bean 'org.springframework.boot.autoconfigure.internalCachingMetadataReaderFactory'
[2023-05-09 11:12:14] - Identified candidate component class: file [D:\hSenid\Trainings\Training\spring-boot-app-logback-integration\demoone\target\classes\com\springone\demoone\controller\StudentController.class]
[2023-05-09 11:12:14] - Ignored because not a concrete top-level class: file [D:\hSenid\Trainings\Training\spring-boot-app-logback-integration\demoone\target\classes\com\springone\demoone\repository\StudentRepository.class]
[2023-05-09 11:12:14] - Identified candidate component class: file [D:\hSenid\Trainings\Training\spring-boot-app-logback-integration\demoone\target\classes\com\springone\demoone\service\StudentServiceImpl.class]
[2023-05-09 11:12:15] - Bootstrapping Spring Data MongoDB repositories in DEFAULT mode.
[2023-05-09 11:12:15] - Creating shared instance of singleton bean 'org.springframework.boot.autoconfigure.AutoConfigurationPackages'
[2023-05-09 11:12:15] - @EnableAutoConfiguration was declared on a class in the package 'com.springone.demoone'. Automatic @Repository and @Entity scanning is enabled.
[2023-05-09 11:12:15] - Scanning for MongoDB repositories in packages com.springone.demoone.
[2023-05-09 11:12:15] - Identified candidate component class: file [D:\hSenid\Trainings\Training\spring-boot-app-logback-integration\demoone\target\classes\com\springone\demoone\repository\StudentRepository.class]
[2023-05-09 11:12:15] - Identified candidate component class: file [D:\hSenid\Trainings\Training\spring-boot-app-logback-integration\demoone\target\classes\com\springone\demoone\service\StudentServiceImpl.class]
[2023-05-09 11:12:15] - Finished Spring Data repository scanning in 57 ms. Found 1 MongoDB repository interfaces.
[2023-05-09 11:12:15] - Creating shared instance of singleton bean 'propertySourcesPlaceholderConfigurer'
[2023-05-09 11:12:15] - Creating shared instance of singleton bean 'org.springframework.boot.sql.init.dependency.DatabaseInitializationDependencyConfigurer$DependsOnDatabaseInitializationPostProcessor'
[2023-05-09 11:12:15] - Creating shared instance of singleton bean 'org.springframework.context.event.internalEventListenerProcessor'
[2023-05-09 11:12:15] - Creating shared instance of singleton bean 'preserveErrorControllerTargetClassPostProcessor'
[2023-05-09 11:12:15] - Creating shared instance of singleton bean 'forceAutoProxyCreatorToUseClassProxying'
[2023-05-09 11:12:15] - Creating shared instance of singleton bean 'org.springframework.context.event.internalEventListenerFactory'
[2023-05-09 11:12:15] - Creating shared instance of singleton bean 'org.springframework.context.annotation.internalAutowiredAnnotationProcessor'
[2023-05-09 11:12:15] - Creating shared instance of singleton bean 'org.springframework.context.annotation.internalCommonAnnotationProcessor'
[2023-05-09 11:12:15] - Creating shared instance of singleton bean 'org.springframework.boot.context.properties.ConfigurationPropertiesBindingPostProcessor'
[2023-05-09 11:12:15] - Creating shared instance of singleton bean 'org.springframework.boot.context.internalConfigurationPropertiesBinder'
[2023-05-09 11:12:15] - Creating shared instance of singleton bean 'persistenceExceptionTranslationPostProcessor'
[2023-05-09 11:12:15] - Autowiring by type from bean name 'persistenceExceptionTranslationPostProcessor' via factory method to bean named 'environment'
[2023-05-09 11:12:15] - Creating shared instance of singleton bean 'org.springframework.aop.config.internalAutoProxyCreator'
[2023-05-09 11:12:15] - Creating shared instance of singleton bean 'webServerFactoryCustomizerBeanPostProcessor'
[2023-05-09 11:12:15] - Creating shared instance of singleton bean 'errorPageRegistrarBeanPostProcessor'
[2023-05-09 11:12:15] - Creating shared instance of singleton bean 'projectingArgumentResolverBeanPostProcessor'
[2023-05-09 11:12:15] - Unable to locate ThemeSource with name 'themeSource': using default [org.springframework.ui.context.support.ResourceBundleThemeSource@6ac0b715]
[2023-05-09 11:12:15] - Creating shared instance of singleton bean 'tomcatServletWebServerFactory'
[2023-05-09 11:12:15] - Creating shared instance of singleton bean 'org.springframework.boot.autoconfigure.web.servlet.ServletWebServerFactoryConfiguration$EmbeddedTomcat'
[2023-05-09 11:12:15] - Creating shared instance of singleton bean 'websocketServletWebServerCustomizer'
[2023-05-09 11:12:15] - Creating shared instance of singleton bean 'org.springframework.boot.autoconfigure.websocket.servlet.WebSocketServletAutoConfiguration$TomcatWebSocketConfiguration'
[2023-05-09 11:12:15] - Creating shared instance of singleton bean 'servletWebServerFactoryCustomizer'
[2023-05-09 11:12:15] - Creating shared instance of singleton bean 'org.springframework.boot.autoconfigure.web.servlet.ServletWebServerFactoryAutoConfiguration'
[2023-05-09 11:12:15] - Creating shared instance of singleton bean 'server-org.springframework.boot.autoconfigure.web.ServerProperties'
[2023-05-09 11:12:15] - Creating shared instance of singleton bean 'org.springframework.boot.context.properties.BoundConfigurationProperties'
[2023-05-09 11:12:15] - Autowiring by type from bean name 'servletWebServerFactoryCustomizer' via factory method to bean named 'server-org.springframework.boot.autoconfigure.web.ServerProperties'
[2023-05-09 11:12:15] - Creating shared instance of singleton bean 'tomcatServletWebServerFactoryCustomizer'
[2023-05-09 11:12:15] - Autowiring by type from bean name 'tomcatServletWebServerFactoryCustomizer' via factory method to bean named 'server-org.springframework.boot.autoconfigure.web.ServerProperties'
[2023-05-09 11:12:15] - Creating shared instance of singleton bean 'tomcatWebServerFactoryCustomizer'
[2023-05-09 11:12:15] - Creating shared instance of singleton bean 'org.springframework.boot.autoconfigure.web.embedded.EmbeddedWebServerFactoryCustomizerAutoConfiguration$TomcatWebServerFactoryCustomizerConfiguration'
[2023-05-09 11:12:15] - Autowiring by type from bean name 'tomcatWebServerFactoryCustomizer' via factory method to bean named 'environment'
[2023-05-09 11:12:15] - Autowiring by type from bean name 'tomcatWebServerFactoryCustomizer' via factory method to bean named 'server-org.springframework.boot.autoconfigure.web.ServerProperties'
[2023-05-09 11:12:15] - Creating shared instance of singleton bean 'localeCharsetMappingsCustomizer'
[2023-05-09 11:12:15] - Creating shared instance of singleton bean 'org.springframework.boot.autoconfigure.web.servlet.HttpEncodingAutoConfiguration'
[2023-05-09 11:12:15] - Autowiring by type from bean name 'org.springframework.boot.autoconfigure.web.servlet.HttpEncodingAutoConfiguration' via constructor to bean named 'server-org.springframework.boot.autoconfigure.web.ServerProperties'
[2023-05-09 11:12:15] - Creating shared instance of singleton bean 'errorPageCustomizer'
[2023-05-09 11:12:15] - Creating shared instance of singleton bean 'org.springframework.boot.autoconfigure.web.servlet.error.ErrorMvcAutoConfiguration'
[2023-05-09 11:12:15] - Autowiring by type from bean name 'org.springframework.boot.autoconfigure.web.servlet.error.ErrorMvcAutoConfiguration' via constructor to bean named 'server-org.springframework.boot.autoconfigure.web.ServerProperties'
[2023-05-09 11:12:15] - Creating shared instance of singleton bean 'dispatcherServletRegistration'
[2023-05-09 11:12:15] - Creating shared instance of singleton bean 'org.springframework.boot.autoconfigure.web.servlet.DispatcherServletAutoConfiguration$DispatcherServletRegistrationConfiguration'
[2023-05-09 11:12:15] - Creating shared instance of singleton bean 'dispatcherServlet'
[2023-05-09 11:12:15] - Creating shared instance of singleton bean 'org.springframework.boot.autoconfigure.web.servlet.DispatcherServletAutoConfiguration$DispatcherServletConfiguration'
[2023-05-09 11:12:15] - Creating shared instance of singleton bean 'spring.mvc-org.springframework.boot.autoconfigure.web.servlet.WebMvcProperties'
[2023-05-09 11:12:15] - Autowiring by type from bean name 'dispatcherServlet' via factory method to bean named 'spring.mvc-org.springframework.boot.autoconfigure.web.servlet.WebMvcProperties'
[2023-05-09 11:12:15] - Autowiring by type from bean name 'dispatcherServletRegistration' via factory method to bean named 'dispatcherServlet'
[2023-05-09 11:12:15] - Autowiring by type from bean name 'dispatcherServletRegistration' via factory method to bean named 'spring.mvc-org.springframework.boot.autoconfigure.web.servlet.WebMvcProperties'
[2023-05-09 11:12:15] - Creating shared instance of singleton bean 'multipartConfigElement'
[2023-05-09 11:12:15] - Creating shared instance of singleton bean 'org.springframework.boot.autoconfigure.web.servlet.MultipartAutoConfiguration'
[2023-05-09 11:12:15] - Creating shared instance of singleton bean 'spring.servlet.multipart-org.springframework.boot.autoconfigure.web.servlet.MultipartProperties'
[2023-05-09 11:12:15] - Autowiring by type from bean name 'org.springframework.boot.autoconfigure.web.servlet.MultipartAutoConfiguration' via constructor to bean named 'spring.servlet.multipart-org.springframework.boot.autoconfigure.web.servlet.MultipartProperties'
[2023-05-09 11:12:15] - Autowiring by type from bean name 'errorPageCustomizer' via factory method to bean named 'dispatcherServletRegistration'
[2023-05-09 11:12:15] - Code archive: C:\Users\msi gf63\.m2\repository\org\springframework\boot\spring-boot\3.0.6\spring-boot-3.0.6.jar
[2023-05-09 11:12:15] - Code archive: C:\Users\msi gf63\.m2\repository\org\springframework\boot\spring-boot\3.0.6\spring-boot-3.0.6.jar
[2023-05-09 11:12:15] - None of the document roots [src/main/webapp, public, static] point to a directory and will be ignored.
[2023-05-09 11:12:15] - Tomcat initialized with port(s): 8080 (http)
[2023-05-09 11:12:15] - Initializing ProtocolHandler ["http-nio-8080"]
[2023-05-09 11:12:15] - Starting service [Tomcat]
[2023-05-09 11:12:15] - Starting Servlet engine: [Apache Tomcat/10.1.8]
[2023-05-09 11:12:16] - Initializing Spring embedded WebApplicationContext
[2023-05-09 11:12:16] - Published root WebApplicationContext as ServletContext attribute with name [org.springframework.web.context.WebApplicationContext.ROOT]
[2023-05-09 11:12:16] - Root WebApplicationContext: initialization completed in 1769 ms
[2023-05-09 11:12:16] - Creating shared instance of singleton bean 'requestContextFilter'
[2023-05-09 11:12:16] - Creating shared instance of singleton bean 'formContentFilter'
[2023-05-09 11:12:16] - Creating shared instance of singleton bean 'org.springframework.boot.autoconfigure.web.servlet.WebMvcAutoConfiguration'
[2023-05-09 11:12:16] - Creating shared instance of singleton bean 'characterEncodingFilter'
[2023-05-09 11:12:16] - Mapping filters: characterEncodingFilter urls=[/*] order=-2147483648, formContentFilter urls=[/*] order=-9900, requestContextFilter urls=[/*] order=-105
[2023-05-09 11:12:16] - Mapping servlets: dispatcherServlet urls=[/]
[2023-05-09 11:12:16] - Filter 'requestContextFilter' configured for use
[2023-05-09 11:12:16] - Filter 'characterEncodingFilter' configured for use
[2023-05-09 11:12:16] - Filter 'formContentFilter' configured for use
[2023-05-09 11:12:16] - Creating shared instance of singleton bean 'demoOneApplication'
[2023-05-09 11:12:16] - Creating shared instance of singleton bean 'studentController'
[2023-05-09 11:12:16] - Creating shared instance of singleton bean 'studentServiceImpl'
[2023-05-09 11:12:16] - Creating shared instance of singleton bean 'studentRepository'
[2023-05-09 11:12:16] - Creating shared instance of singleton bean 'mongo.named-queries#0'
[2023-05-09 11:12:16] - Creating shared instance of singleton bean 'mongodb.StudentRepository.fragments#0'
[2023-05-09 11:12:16] - Creating shared instance of singleton bean 'mongoTemplate'
[2023-05-09 11:12:16] - Creating shared instance of singleton bean 'org.springframework.boot.autoconfigure.data.mongo.MongoDatabaseFactoryDependentConfiguration'
