[2023-05-09 11:12:16] - Adding converter from class java.time.Period to class java.lang.String as writing converter
[2023-05-09 11:12:16] - Adding converter from class java.lang.String to class java.time.Period as reading converter
[2023-05-09 11:12:16] - Adding converter from class java.lang.String to class java.time.LocalDate as reading converter
[2023-05-09 11:12:16] - Adding converter from class java.lang.String to class java.time.LocalDateTime as reading converter
[2023-05-09 11:12:16] - Adding converter from class java.lang.String to class java.time.Instant as reading converter
[2023-05-09 11:12:16] - Autowiring by type from bean name 'mongoTemplate' via factory method to bean named 'mongoDatabaseFactory'
[2023-05-09 11:12:16] - Autowiring by type from bean name 'mongoTemplate' via factory method to bean named 'mappingMongoConverter'
[2023-05-09 11:12:16] - Initializing repository instance for com.springone.demoone.repository.StudentRepository…
[2023-05-09 11:12:16] - Finished creation of repository instance for com.springone.demoone.repository.StudentRepository.
[2023-05-09 11:12:16] - Creating shared instance of singleton bean 'modelMapper'
[2023-05-09 11:12:16] - Creating shared instance of singleton bean 'org.springframework.boot.autoconfigure.context.PropertyPlaceholderAutoConfiguration'
[2023-05-09 11:12:16] - Creating shared instance of singleton bean 'org.springframework.boot.autoconfigure.websocket.servlet.WebSocketServletAutoConfiguration'
[2023-05-09 11:12:16] - Creating shared instance of singleton bean 'org.springframework.boot.context.properties.EnableConfigurationPropertiesRegistrar.methodValidationExcludeFilter'
[2023-05-09 11:12:16] - Creating shared instance of singleton bean 'org.springframework.boot.autoconfigure.web.servlet.DispatcherServletAutoConfiguration'
[2023-05-09 11:12:16] - Creating shared instance of singleton bean 'org.springframework.boot.autoconfigure.task.TaskExecutionAutoConfiguration'
[2023-05-09 11:12:16] - Creating shared instance of singleton bean 'taskExecutorBuilder'
[2023-05-09 11:12:16] - Creating shared instance of singleton bean 'spring.task.execution-org.springframework.boot.autoconfigure.task.TaskExecutionProperties'
[2023-05-09 11:12:16] - Autowiring by type from bean name 'taskExecutorBuilder' via factory method to bean named 'spring.task.execution-org.springframework.boot.autoconfigure.task.TaskExecutionProperties'
[2023-05-09 11:12:16] - Creating shared instance of singleton bean 'org.springframework.boot.autoconfigure.web.servlet.error.ErrorMvcAutoConfiguration$WhitelabelErrorViewConfiguration'
[2023-05-09 11:12:16] - Creating shared instance of singleton bean 'error'
[2023-05-09 11:12:16] - Creating shared instance of singleton bean 'beanNameViewResolver'
[2023-05-09 11:12:16] - Creating shared instance of singleton bean 'org.springframework.boot.autoconfigure.web.servlet.error.ErrorMvcAutoConfiguration$DefaultErrorViewResolverConfiguration'
[2023-05-09 11:12:16] - Creating shared instance of singleton bean 'spring.web-org.springframework.boot.autoconfigure.web.WebProperties'
[2023-05-09 11:12:16] - Autowiring by type from bean name 'org.springframework.boot.autoconfigure.web.servlet.error.ErrorMvcAutoConfiguration$DefaultErrorViewResolverConfiguration' via constructor to bean named 'org.springframework.boot.web.servlet.context.AnnotationConfigServletWebServerApplicationContext@172b013'
[2023-05-09 11:12:16] - Autowiring by type from bean name 'org.springframework.boot.autoconfigure.web.servlet.error.ErrorMvcAutoConfiguration$DefaultErrorViewResolverConfiguration' via constructor to bean named 'spring.web-org.springframework.boot.autoconfigure.web.WebProperties'
[2023-05-09 11:12:16] - Creating shared instance of singleton bean 'conventionErrorViewResolver'
[2023-05-09 11:12:16] - Creating shared instance of singleton bean 'errorAttributes'
[2023-05-09 11:12:16] - Creating shared instance of singleton bean 'basicErrorController'
[2023-05-09 11:12:16] - Autowiring by type from bean name 'basicErrorController' via factory method to bean named 'errorAttributes'
[2023-05-09 11:12:16] - Creating shared instance of singleton bean 'org.springframework.boot.autoconfigure.web.servlet.WebMvcAutoConfiguration$EnableWebMvcConfiguration'
[2023-05-09 11:12:16] - Autowiring by type from bean name 'org.springframework.boot.autoconfigure.web.servlet.WebMvcAutoConfiguration$EnableWebMvcConfiguration' via constructor to bean named 'spring.mvc-org.springframework.boot.autoconfigure.web.servlet.WebMvcProperties'
[2023-05-09 11:12:16] - Autowiring by type from bean name 'org.springframework.boot.autoconfigure.web.servlet.WebMvcAutoConfiguration$EnableWebMvcConfiguration' via constructor to bean named 'spring.web-org.springframework.boot.autoconfigure.web.WebProperties'
[2023-05-09 11:12:16] - Autowiring by type from bean name 'org.springframework.boot.autoconfigure.web.servlet.WebMvcAutoConfiguration$EnableWebMvcConfiguration' via constructor to bean named 'org.springframework.beans.factory.support.DefaultListableBeanFactory@3f07b12c'
[2023-05-09 11:12:17] - Creating shared instance of singleton bean 'org.springframework.boot.autoconfigure.web.servlet.WebMvcAutoConfiguration$WebMvcAutoConfigurationAdapter'
[2023-05-09 11:12:17] - Autowiring by type from bean name 'org.springframework.boot.autoconfigure.web.servlet.WebMvcAutoConfiguration$WebMvcAutoConfigurationAdapter' via constructor to bean named 'spring.web-org.springframework.boot.autoconfigure.web.WebProperties'
[2023-05-09 11:12:17] - Autowiring by type from bean name 'org.springframework.boot.autoconfigure.web.servlet.WebMvcAutoConfiguration$WebMvcAutoConfigurationAdapter' via constructor to bean named 'spring.mvc-org.springframework.boot.autoconfigure.web.servlet.WebMvcProperties'
[2023-05-09 11:12:17] - Autowiring by type from bean name 'org.springframework.boot.autoconfigure.web.servlet.WebMvcAutoConfiguration$WebMvcAutoConfigurationAdapter' via constructor to bean named 'org.springframework.beans.factory.support.DefaultListableBeanFactory@3f07b12c'
[2023-05-09 11:12:17] - Creating shared instance of singleton bean 'org.springframework.data.web.config.SpringDataWebConfiguration'
[2023-05-09 11:12:17] - Autowiring by type from bean name 'org.springframework.data.web.config.SpringDataWebConfiguration' via constructor to bean named 'org.springframework.boot.web.servlet.context.AnnotationConfigServletWebServerApplicationContext@172b013'
[2023-05-09 11:12:17] - Creating shared instance of singleton bean 'requestMappingHandlerAdapter'
[2023-05-09 11:12:17] - Creating shared instance of singleton bean 'mvcContentNegotiationManager'
[2023-05-09 11:12:17] - Creating shared instance of singleton bean 'mvcConversionService'
[2023-05-09 11:12:17] - Creating shared instance of singleton bean 'mvcValidator'
[2023-05-09 11:12:17] - Autowiring by type from bean name 'requestMappingHandlerAdapter' via factory method to bean named 'mvcContentNegotiationManager'
[2023-05-09 11:12:17] - Autowiring by type from bean name 'requestMappingHandlerAdapter' via factory method to bean named 'mvcConversionService'
[2023-05-09 11:12:17] - Autowiring by type from bean name 'requestMappingHandlerAdapter' via factory method to bean named 'mvcValidator'
[2023-05-09 11:12:17] - Creating shared instance of singleton bean 'messageConverters'
[2023-05-09 11:12:17] - Creating shared instance of singleton bean 'org.springframework.boot.autoconfigure.http.HttpMessageConvertersAutoConfiguration'
[2023-05-09 11:12:17] - Creating shared instance of singleton bean 'stringHttpMessageConverter'
[2023-05-09 11:12:17] - Creating shared instance of singleton bean 'org.springframework.boot.autoconfigure.http.HttpMessageConvertersAutoConfiguration$StringHttpMessageConverterConfiguration'
[2023-05-09 11:12:17] - Autowiring by type from bean name 'stringHttpMessageConverter' via factory method to bean named 'environment'
[2023-05-09 11:12:17] - Creating shared instance of singleton bean 'mappingJackson2HttpMessageConverter'
[2023-05-09 11:12:17] - Creating shared instance of singleton bean 'org.springframework.boot.autoconfigure.http.JacksonHttpMessageConvertersConfiguration$MappingJackson2HttpMessageConverterConfiguration'
[2023-05-09 11:12:17] - Creating shared instance of singleton bean 'jacksonObjectMapper'
[2023-05-09 11:12:17] - Creating shared instance of singleton bean 'org.springframework.boot.autoconfigure.jackson.JacksonAutoConfiguration$JacksonObjectMapperConfiguration'
[2023-05-09 11:12:17] - Creating shared instance of singleton bean 'org.springframework.boot.autoconfigure.jackson.JacksonAutoConfiguration$JacksonObjectMapperBuilderConfiguration'
[2023-05-09 11:12:17] - Creating shared instance of singleton bean 'standardJacksonObjectMapperBuilderCustomizer'
[2023-05-09 11:12:17] - Creating shared instance of singleton bean 'org.springframework.boot.autoconfigure.jackson.JacksonAutoConfiguration$Jackson2ObjectMapperBuilderCustomizerConfiguration'
[2023-05-09 11:12:17] - Creating shared instance of singleton bean 'spring.jackson-org.springframework.boot.autoconfigure.jackson.JacksonProperties'
[2023-05-09 11:12:17] - Autowiring by type from bean name 'standardJacksonObjectMapperBuilderCustomizer' via factory method to bean named 'spring.jackson-org.springframework.boot.autoconfigure.jackson.JacksonProperties'
[2023-05-09 11:12:17] - Creating shared instance of singleton bean 'parameterNamesModule'
[2023-05-09 11:12:17] - Creating shared instance of singleton bean 'org.springframework.boot.autoconfigure.jackson.JacksonAutoConfiguration$ParameterNamesModuleConfiguration'
[2023-05-09 11:12:17] - Creating shared instance of singleton bean 'jsonMixinModule'
[2023-05-09 11:12:17] - Creating shared instance of singleton bean 'org.springframework.boot.autoconfigure.jackson.JacksonAutoConfiguration$JacksonMixinConfiguration'
[2023-05-09 11:12:17] - Creating shared instance of singleton bean 'jsonMixinModuleEntries'
[2023-05-09 11:12:17] - Autowiring by type from bean name 'jsonMixinModuleEntries' via factory method to bean named 'org.springframework.boot.web.servlet.context.AnnotationConfigServletWebServerApplicationContext@172b013'
[2023-05-09 11:12:17] - Autowiring by type from bean name 'jsonMixinModule' via factory method to bean named 'org.springframework.boot.web.servlet.context.AnnotationConfigServletWebServerApplicationContext@172b013'
[2023-05-09 11:12:17] - Autowiring by type from bean name 'jsonMixinModule' via factory method to bean named 'jsonMixinModuleEntries'
[2023-05-09 11:12:17] - Creating shared instance of singleton bean 'jsonComponentModule'
[2023-05-09 11:12:17] - Creating shared instance of singleton bean 'org.springframework.boot.autoconfigure.jackson.JacksonAutoConfiguration'
[2023-05-09 11:12:17] - Creating shared instance of singleton bean 'geoJsonModule'
[2023-05-09 11:12:17] - Creating shared instance of singleton bean 'org.springframework.data.mongodb.config.GeoJsonConfiguration'
[2023-05-09 11:12:17] - Creating shared instance of singleton bean 'jacksonGeoModule'
[2023-05-09 11:12:17] - Creating shared instance of singleton bean 'org.springframework.data.web.config.SpringDataJacksonConfiguration'
[2023-05-09 11:12:17] - Autowiring by type from bean name 'jacksonObjectMapperBuilder' via factory method to bean named 'org.springframework.boot.web.servlet.context.AnnotationConfigServletWebServerApplicationContext@172b013'
[2023-05-09 11:12:17] - Autowiring by type from bean name 'jacksonObjectMapperBuilder' via factory method to bean named 'standardJacksonObjectMapperBuilderCustomizer'
[2023-05-09 11:12:17] - Autowiring by type from bean name 'jacksonObjectMapper' via factory method to bean named 'jacksonObjectMapperBuilder'
[2023-05-09 11:12:17] - Autowiring by type from bean name 'mappingJackson2HttpMessageConverter' via factory method to bean named 'jacksonObjectMapper'
[2023-05-09 11:12:17] - Creating shared instance of singleton bean 'sortResolver'
[2023-05-09 11:12:17] - Creating shared instance of singleton bean 'sortCustomizer'
[2023-05-09 11:12:17] - Creating shared instance of singleton bean 'org.springframework.boot.autoconfigure.data.web.SpringDataWebAutoConfiguration'
[2023-05-09 11:12:17] - Creating shared instance of singleton bean 'spring.data.web-org.springframework.boot.autoconfigure.data.web.SpringDataWebProperties'
[2023-05-09 11:12:17] - Autowiring by type from bean name 'org.springframework.boot.autoconfigure.data.web.SpringDataWebAutoConfiguration' via constructor to bean named 'spring.data.web-org.springframework.boot.autoconfigure.data.web.SpringDataWebProperties'
[2023-05-09 11:12:17] - Creating shared instance of singleton bean 'pageableResolver'
[2023-05-09 11:12:17] - Creating shared instance of singleton bean 'pageableCustomizer'
[2023-05-09 11:12:17] - Creating shared instance of singleton bean 'applicationTaskExecutor'
[2023-05-09 11:12:17] - Autowiring by type from bean name 'applicationTaskExecutor' via factory method to bean named 'taskExecutorBuilder'
[2023-05-09 11:12:17] - Initializing ExecutorService 'applicationTaskExecutor'
[2023-05-09 11:12:17] - ControllerAdvice beans: 0 @ModelAttribute, 0 @InitBinder, 1 RequestBodyAdvice, 1 ResponseBodyAdvice
[2023-05-09 11:12:17] - Creating shared instance of singleton bean 'welcomePageHandlerMapping'
[2023-05-09 11:12:17] - Creating shared instance of singleton bean 'mvcResourceUrlProvider'
[2023-05-09 11:12:17] - Autowiring by type from bean name 'welcomePageHandlerMapping' via factory method to bean named 'org.springframework.boot.web.servlet.context.AnnotationConfigServletWebServerApplicationContext@172b013'
[2023-05-09 11:12:17] - Autowiring by type from bean name 'welcomePageHandlerMapping' via factory method to bean named 'mvcConversionService'
[2023-05-09 11:12:17] - Autowiring by type from bean name 'welcomePageHandlerMapping' via factory method to bean named 'mvcResourceUrlProvider'
[2023-05-09 11:12:17] - Creating shared instance of singleton bean 'localeResolver'
[2023-05-09 11:12:17] - Creating shared instance of singleton bean 'themeResolver'
[2023-05-09 11:12:17] - Creating shared instance of singleton bean 'flashMapManager'
[2023-05-09 11:12:17] - Creating shared instance of singleton bean 'requestMappingHandlerMapping'
[2023-05-09 11:12:17] - Autowiring by type from bean name 'requestMappingHandlerMapping' via factory method to bean named 'mvcContentNegotiationManager'
[2023-05-09 11:12:17] - Autowiring by type from bean name 'requestMappingHandlerMapping' via factory method to bean named 'mvcConversionService'
[2023-05-09 11:12:17] - Autowiring by type from bean name 'requestMappingHandlerMapping' via factory method to bean named 'mvcResourceUrlProvider'
[2023-05-09 11:12:17] - 
	c.s.d.c.StudentController:
	{GET [/api/students]}: getStudents()
	{DELETE [/api/students/{id}]}: deleteProduct(int)
	{POST [/api/students]}: addStudent(StudentRequestDTO)
	{GET [/api/students/{id}]}: getStudentById(int)
[2023-05-09 11:12:17] - 
	o.s.b.a.w.s.e.BasicErrorController:
	{ [/error]}: error(HttpServletRequest)
	{ [/error], produces [text/html]}: errorHtml(HttpServletRequest,HttpServletResponse)
[2023-05-09 11:12:17] - 6 mappings in 'requestMappingHandlerMapping'
[2023-05-09 11:12:17] - Creating shared instance of singleton bean 'mvcPatternParser'
[2023-05-09 11:12:17] - Creating shared instance of singleton bean 'mvcUrlPathHelper'
[2023-05-09 11:12:17] - Creating shared instance of singleton bean 'mvcPathMatcher'
[2023-05-09 11:12:17] - Creating shared instance of singleton bean 'viewControllerHandlerMapping'
[2023-05-09 11:12:17] - Autowiring by type from bean name 'viewControllerHandlerMapping' via factory method to bean named 'mvcConversionService'
[2023-05-09 11:12:17] - Autowiring by type from bean name 'viewControllerHandlerMapping' via factory method to bean named 'mvcResourceUrlProvider'
[2023-05-09 11:12:17] - Creating shared instance of singleton bean 'beanNameHandlerMapping'
[2023-05-09 11:12:17] - Autowiring by type from bean name 'beanNameHandlerMapping' via factory method to bean named 'mvcConversionService'
[2023-05-09 11:12:17] - Autowiring by type from bean name 'beanNameHandlerMapping' via factory method to bean named 'mvcResourceUrlProvider'
[2023-05-09 11:12:17] - 'beanNameHandlerMapping' {}
[2023-05-09 11:12:17] - Creating shared instance of singleton bean 'routerFunctionMapping'
[2023-05-09 11:12:17] - Autowiring by type from bean name 'routerFunctionMapping' via factory method to bean named 'mvcConversionService'
[2023-05-09 11:12:17] - Autowiring by type from bean name 'routerFunctionMapping' via factory method to bean named 'mvcResourceUrlProvider'
[2023-05-09 11:12:17] - Creating shared instance of singleton bean 'resourceHandlerMapping'
[2023-05-09 11:12:17] - Autowiring by type from bean name 'resourceHandlerMapping' via factory method to bean named 'mvcContentNegotiationManager'
[2023-05-09 11:12:17] - Autowiring by type from bean name 'resourceHandlerMapping' via factory method to bean named 'mvcConversionService'
[2023-05-09 11:12:17] - Autowiring by type from bean name 'resourceHandlerMapping' via factory method to bean named 'mvcResourceUrlProvider'
[2023-05-09 11:12:17] - 'resourceHandlerMapping' {/webjars/**=ResourceHttpRequestHandler [classpath [META-INF/resources/webjars/]], /**=ResourceHttpRequestHandler [classpath [META-INF/resources/], classpath [resources/], classpath [static/], classpath [public/], ServletContext [/]]}
[2023-05-09 11:12:17] - Creating shared instance of singleton bean 'defaultServletHandlerMapping'
[2023-05-09 11:12:17] - Creating shared instance of singleton bean 'handlerFunctionAdapter'
[2023-05-09 11:12:17] - Creating shared instance of singleton bean 'mvcUriComponentsContributor'
[2023-05-09 11:12:17] - Autowiring by type from bean name 'mvcUriComponentsContributor' via factory method to bean named 'mvcConversionService'
[2023-05-09 11:12:17] - Autowiring by type from bean name 'mvcUriComponentsContributor' via factory method to bean named 'requestMappingHandlerAdapter'
[2023-05-09 11:12:17] - Creating shared instance of singleton bean 'httpRequestHandlerAdapter'
